c:\users\novoz\source\repos\tza-3\tza-3\debug\vc142.pdb
c:\users\novoz\source\repos\tza-3\tza-3\debug\vc142.idb
c:\users\novoz\source\repos\tza-3\tza-3\debug\tza-3.obj
c:\users\novoz\source\repos\tza-3\debug\tza-3.exe
c:\users\novoz\source\repos\tza-3\debug\tza-3.ilk
c:\users\novoz\source\repos\tza-3\debug\tza-3.pdb
c:\users\novoz\source\repos\tza-3\tza-3\debug\nativecodeanalysis.read.1.tlog
c:\users\novoz\source\repos\tza-3\tza-3\debug\tza-3.nativecodeanalysis.xml
c:\users\novoz\source\repos\tza-3\tza-3\debug\vc.nativecodeanalysis.all.xml
c:\users\novoz\source\repos\tza-3\tza-3\debug\tza-3.tlog\cl.command.1.tlog
c:\users\novoz\source\repos\tza-3\tza-3\debug\tza-3.tlog\cl.read.1.tlog
c:\users\novoz\source\repos\tza-3\tza-3\debug\tza-3.tlog\cl.write.1.tlog
c:\users\novoz\source\repos\tza-3\tza-3\debug\tza-3.tlog\clang-cl.22880.delete.1.tlog
c:\users\novoz\source\repos\tza-3\tza-3\debug\tza-3.tlog\clang-cl.22880.write.1.tlog
c:\users\novoz\source\repos\tza-3\tza-3\debug\tza-3.tlog\clang-cl.7844.delete.1.tlog
c:\users\novoz\source\repos\tza-3\tza-3\debug\tza-3.tlog\clang-cl.command.1.tlog
c:\users\novoz\source\repos\tza-3\tza-3\debug\tza-3.tlog\clang-cl.read.1.tlog
c:\users\novoz\source\repos\tza-3\tza-3\debug\tza-3.tlog\link.command.1.tlog
c:\users\novoz\source\repos\tza-3\tza-3\debug\tza-3.tlog\link.delete.1.tlog
c:\users\novoz\source\repos\tza-3\tza-3\debug\tza-3.tlog\link.read.1.tlog
c:\users\novoz\source\repos\tza-3\tza-3\debug\tza-3.tlog\link.write.1.tlog
c:\users\novoz\source\repos\tza-3\tza-3\debug\tza-3.tlog\lld-link.command.1.tlog
c:\users\novoz\source\repos\tza-3\tza-3\debug\tza-3.tlog\lld-link.delete.1.tlog
c:\users\novoz\source\repos\tza-3\tza-3\debug\tza-3.tlog\lld-link.read.1.tlog
c:\users\novoz\source\repos\tza-3\tza-3\debug\tza-3.tlog\lld-link.write.1.tlog
