
**** Clean-only build of configuration Debug for project MSP430-leds ****

"C:\\TI\\ccs930\\ccs\\utils\\bin\\gmake" -k clean 
 
DEL /F  "MSP430-leds.hex"  "MSP430-leds.out" 
DEL /F "I2C.obj" "keys.obj" "leds.obj" "main.obj" "msp430_initialize_unused_interrrupt_vectors.obj" "sysfunc.obj" 
DEL /F "I2C.d" "keys.d" "leds.d" "main.d" "msp430_initialize_unused_interrrupt_vectors.d" "sysfunc.d" 
Не удается найти C:\workspace_v9\Shkorba\Lab_3\MSP430-leds\Debug\I2C.d
Finished clean
 

**** Build Finished ****

**** Build of configuration Debug for project MSP430-leds ****

"C:\\TI\\ccs930\\ccs\\utils\\bin\\gmake" -k all 
 
Building file: "../I2C.c"
Invoking: MSP430 Compiler
"C:/TI/ccs930/ccs/tools/compiler/ti-cgt-msp430_18.12.4.LTS/bin/cl430" -vmsp -Ooff --use_hw_mpy=16 --include_path="C:/TI/ccs930/ccs/ccs_base/msp430/include" --include_path="C:/TI/ccs930/ccs/ccs_base/msp430/include" --include_path="C:/TI/ccs930/ccs/tools/compiler/ti-cgt-msp430_18.12.4.LTS/include" --advice:power="all" --define=__MSP430F1611__ -g --printf_support=minimal --diag_warning=225 --diag_wrap=off --display_error_number --abi=eabi --preproc_with_compile --preproc_dependency="I2C.d_raw"  "../I2C.c"
"../I2C.c", line 39: remark #1528-D: (ULP 3.1) Detected flag polling using I2CBUSY. Recommend using an interrupt combined with enter LPMx and ISR
"../I2C.c", line 47: remark #1527-D: (ULP 2.1) Detected SW delay loop using empty loop. Recommend using a timer module instead
"../I2C.c", line 55: remark #1528-D: (ULP 3.1) Detected flag polling using I2CBUSY. Recommend using an interrupt combined with enter LPMx and ISR
"../I2C.c", line 64: remark #1527-D: (ULP 2.1) Detected SW delay loop using empty loop. Recommend using a timer module instead
Finished building: "../I2C.c"
 
Building file: "../keys.c"
Invoking: MSP430 Compiler
"C:/TI/ccs930/ccs/tools/compiler/ti-cgt-msp430_18.12.4.LTS/bin/cl430" -vmsp -Ooff --use_hw_mpy=16 --include_path="C:/TI/ccs930/ccs/ccs_base/msp430/include" --include_path="C:/TI/ccs930/ccs/ccs_base/msp430/include" --include_path="C:/TI/ccs930/ccs/tools/compiler/ti-cgt-msp430_18.12.4.LTS/include" --advice:power="all" --define=__MSP430F1611__ -g --printf_support=minimal --diag_warning=225 --diag_wrap=off --display_error_number --abi=eabi --preproc_with_compile --preproc_dependency="keys.d_raw"  "../keys.c"
"../keys.c", line 21: remark #1544-D: (ULP 13.1) Detected loop counting up. Recommend loops count down as detecting zeros is easier
"../keys.c", line 32: remark #1545-D: (ULP 14.1) Array index of type "int". Recommend using "unsigned int"
"../keys.c", line 69: remark #1544-D: (ULP 13.1) Detected loop counting up. Recommend loops count down as detecting zeros is easier
Finished building: "../keys.c"
 
Building file: "../leds.c"
Invoking: MSP430 Compiler
"C:/TI/ccs930/ccs/tools/compiler/ti-cgt-msp430_18.12.4.LTS/bin/cl430" -vmsp -Ooff --use_hw_mpy=16 --include_path="C:/TI/ccs930/ccs/ccs_base/msp430/include" --include_path="C:/TI/ccs930/ccs/ccs_base/msp430/include" --include_path="C:/TI/ccs930/ccs/tools/compiler/ti-cgt-msp430_18.12.4.LTS/include" --advice:power="all" --define=__MSP430F1611__ -g --printf_support=minimal --diag_warning=225 --diag_wrap=off --display_error_number --abi=eabi --preproc_with_compile --preproc_dependency="leds.d_raw"  "../leds.c"
Finished building: "../leds.c"
 
Building file: "../main.c"
Invoking: MSP430 Compiler
"C:/TI/ccs930/ccs/tools/compiler/ti-cgt-msp430_18.12.4.LTS/bin/cl430" -vmsp -Ooff --use_hw_mpy=16 --include_path="C:/TI/ccs930/ccs/ccs_base/msp430/include" --include_path="C:/TI/ccs930/ccs/ccs_base/msp430/include" --include_path="C:/TI/ccs930/ccs/tools/compiler/ti-cgt-msp430_18.12.4.LTS/include" --advice:power="all" --define=__MSP430F1611__ -g --printf_support=minimal --diag_warning=225 --diag_wrap=off --display_error_number --abi=eabi --preproc_with_compile --preproc_dependency="main.d_raw"  "../main.c"
Finished building: "../main.c"
 
Building file: "../msp430_initialize_unused_interrrupt_vectors.c"
Invoking: MSP430 Compiler
"C:/TI/ccs930/ccs/tools/compiler/ti-cgt-msp430_18.12.4.LTS/bin/cl430" -vmsp -Ooff --use_hw_mpy=16 --include_path="C:/TI/ccs930/ccs/ccs_base/msp430/include" --include_path="C:/TI/ccs930/ccs/ccs_base/msp430/include" --include_path="C:/TI/ccs930/ccs/tools/compiler/ti-cgt-msp430_18.12.4.LTS/include" --advice:power="all" --define=__MSP430F1611__ -g --printf_support=minimal --diag_warning=225 --diag_wrap=off --display_error_number --abi=eabi --preproc_with_compile --preproc_dependency="msp430_initialize_unused_interrrupt_vectors.d_raw"  "../msp430_initialize_unused_interrrupt_vectors.c"
Finished building: "../msp430_initialize_unused_interrrupt_vectors.c"
 
Building file: "../sysfunc.c"
Invoking: MSP430 Compiler
"C:/TI/ccs930/ccs/tools/compiler/ti-cgt-msp430_18.12.4.LTS/bin/cl430" -vmsp -Ooff --use_hw_mpy=16 --include_path="C:/TI/ccs930/ccs/ccs_base/msp430/include" --include_path="C:/TI/ccs930/ccs/ccs_base/msp430/include" --include_path="C:/TI/ccs930/ccs/tools/compiler/ti-cgt-msp430_18.12.4.LTS/include" --advice:power="all" --define=__MSP430F1611__ -g --printf_support=minimal --diag_warning=225 --diag_wrap=off --display_error_number --abi=eabi --preproc_with_compile --preproc_dependency="sysfunc.d_raw"  "../sysfunc.c"
"../sysfunc.c", line 24: remark #1527-D: (ULP 2.1) Detected SW delay loop using empty loop. Recommend using a timer module instead
"../sysfunc.c", line 33: remark #1544-D: (ULP 13.1) Detected loop counting up. Recommend loops count down as detecting zeros is easier
"../sysfunc.c", line 33: remark #1527-D: (ULP 2.1) Detected SW delay loop using empty loop. Recommend using a timer module instead
"../sysfunc.c", line 34: remark #1544-D: (ULP 13.1) Detected loop counting up. Recommend loops count down as detecting zeros is easier
"../sysfunc.c", line 34: remark #1527-D: (ULP 2.1) Detected SW delay loop using empty loop. Recommend using a timer module instead
"../sysfunc.c", line 40: remark #1544-D: (ULP 13.1) Detected loop counting up. Recommend loops count down as detecting zeros is easier
"../sysfunc.c", line 40: remark #1527-D: (ULP 2.1) Detected SW delay loop using empty loop. Recommend using a timer module instead
Finished building: "../sysfunc.c"
 
Building target: "MSP430-leds.out"
Invoking: MSP430 Linker
"C:/TI/ccs930/ccs/tools/compiler/ti-cgt-msp430_18.12.4.LTS/bin/cl430" -vmsp -Ooff --use_hw_mpy=16 --advice:power="all" --define=__MSP430F1611__ -g --printf_support=minimal --diag_warning=225 --diag_wrap=off --display_error_number --abi=eabi -z -m"MSP430-leds.map" --heap_size=80 --stack_size=80 --cinit_hold_wdt=on -i"C:/TI/ccs930/ccs/ccs_base/msp430/include" -i"C:/TI/ccs930/ccs/ccs_base/msp430/include" -i"C:/TI/ccs930/ccs/tools/compiler/ti-cgt-msp430_18.12.4.LTS/lib" -i"C:/TI/ccs930/ccs/tools/compiler/ti-cgt-msp430_18.12.4.LTS/include" --reread_libs --diag_wrap=off --display_error_number --warn_sections --xml_link_info="MSP430-leds_linkInfo.xml" --use_hw_mpy=16 --rom_model -o "MSP430-leds.out" "./I2C.obj" "./keys.obj" "./leds.obj" "./main.obj" "./msp430_initialize_unused_interrrupt_vectors.obj" "./sysfunc.obj" "../lnk_msp430f1611.cmd"  -llibc.a 
<Linking>
remark #10371-D: (ULP 1.1) Detected no uses of low power mode state changing instructions
remark #10372-D: (ULP 4.1) Detected uninitialized Port 1 in this project. Recommend initializing all unused ports to eliminate wasted current consumption on unused pins.
remark #10372-D: (ULP 4.1) Detected uninitialized Port 2 in this project. Recommend initializing all unused ports to eliminate wasted current consumption on unused pins.
remark #10372-D: (ULP 4.1) Detected uninitialized Port 4 in this project. Recommend initializing all unused ports to eliminate wasted current consumption on unused pins.
remark #10372-D: (ULP 4.1) Detected uninitialized Port 5 in this project. Recommend initializing all unused ports to eliminate wasted current consumption on unused pins.
remark #10372-D: (ULP 4.1) Detected uninitialized Port 6 in this project. Recommend initializing all unused ports to eliminate wasted current consumption on unused pins.
Finished building target: "MSP430-leds.out"
 

**** Build Finished ****

**** Build of configuration Debug for project MSP430-leds ****

"C:\\TI\\ccs930\\ccs\\utils\\bin\\gmake" -k all 
 
Building file: "../main.c"
Invoking: MSP430 Compiler
"C:/TI/ccs930/ccs/tools/compiler/ti-cgt-msp430_18.12.4.LTS/bin/cl430" -vmsp -Ooff --use_hw_mpy=16 --include_path="C:/TI/ccs930/ccs/ccs_base/msp430/include" --include_path="C:/TI/ccs930/ccs/ccs_base/msp430/include" --include_path="C:/TI/ccs930/ccs/tools/compiler/ti-cgt-msp430_18.12.4.LTS/include" --advice:power="all" --define=__MSP430F1611__ -g --printf_support=minimal --diag_warning=225 --diag_wrap=off --display_error_number --abi=eabi --preproc_with_compile --preproc_dependency="main.d_raw"  "../main.c"
 
>> Compilation failure
subdir_rules.mk:9: recipe for target 'main.obj' failed
"../main.c", line 16: error #20: identifier "bool" is undefined
"../main.c", line 24: warning #128-D: expected a statement
1 error detected in the compilation of "../main.c".
gmake: *** [main.obj] Error 1
gmake: Target 'all' not remade because of errors.

**** Build Finished ****

**** Build of configuration Debug for project MSP430-leds ****

"C:\\TI\\ccs930\\ccs\\utils\\bin\\gmake" -k all 
 
Building file: "../main.c"
Invoking: MSP430 Compiler
"C:/TI/ccs930/ccs/tools/compiler/ti-cgt-msp430_18.12.4.LTS/bin/cl430" -vmsp -Ooff --use_hw_mpy=16 --include_path="C:/TI/ccs930/ccs/ccs_base/msp430/include" --include_path="C:/TI/ccs930/ccs/ccs_base/msp430/include" --include_path="C:/TI/ccs930/ccs/tools/compiler/ti-cgt-msp430_18.12.4.LTS/include" --advice:power="all" --define=__MSP430F1611__ -g --printf_support=minimal --diag_warning=225 --diag_wrap=off --display_error_number --abi=eabi --preproc_with_compile --preproc_dependency="main.d_raw"  "../main.c"
Finished building: "../main.c"
 
Building target: "MSP430-leds.out"
Invoking: MSP430 Linker
"C:/TI/ccs930/ccs/tools/compiler/ti-cgt-msp430_18.12.4.LTS/bin/cl430" -vmsp -Ooff --use_hw_mpy=16 --advice:power="all" --define=__MSP430F1611__ -g --printf_support=minimal --diag_warning=225 --diag_wrap=off --display_error_number --abi=eabi -z -m"MSP430-leds.map" --heap_size=80 --stack_size=80 --cinit_hold_wdt=on -i"C:/TI/ccs930/ccs/ccs_base/msp430/include" -i"C:/TI/ccs930/ccs/ccs_base/msp430/include" -i"C:/TI/ccs930/ccs/tools/compiler/ti-cgt-msp430_18.12.4.LTS/lib" -i"C:/TI/ccs930/ccs/tools/compiler/ti-cgt-msp430_18.12.4.LTS/include" --reread_libs --diag_wrap=off --display_error_number --warn_sections --xml_link_info="MSP430-leds_linkInfo.xml" --use_hw_mpy=16 --rom_model -o "MSP430-leds.out" "./I2C.obj" "./keys.obj" "./leds.obj" "./main.obj" "./msp430_initialize_unused_interrrupt_vectors.obj" "./sysfunc.obj" "../lnk_msp430f1611.cmd"  -llibc.a 
<Linking>
remark #10371-D: (ULP 1.1) Detected no uses of low power mode state changing instructions
remark #10372-D: (ULP 4.1) Detected uninitialized Port 1 in this project. Recommend initializing all unused ports to eliminate wasted current consumption on unused pins.
remark #10372-D: (ULP 4.1) Detected uninitialized Port 2 in this project. Recommend initializing all unused ports to eliminate wasted current consumption on unused pins.
remark #10372-D: (ULP 4.1) Detected uninitialized Port 4 in this project. Recommend initializing all unused ports to eliminate wasted current consumption on unused pins.
remark #10372-D: (ULP 4.1) Detected uninitialized Port 5 in this project. Recommend initializing all unused ports to eliminate wasted current consumption on unused pins.
remark #10372-D: (ULP 4.1) Detected uninitialized Port 6 in this project. Recommend initializing all unused ports to eliminate wasted current consumption on unused pins.
Finished building target: "MSP430-leds.out"
 

**** Build Finished ****

**** Build of configuration Debug for project MSP430-leds ****

"C:\\TI\\ccs930\\ccs\\utils\\bin\\gmake" -k all 
 
Building file: "../main.c"
Invoking: MSP430 Compiler
"C:/TI/ccs930/ccs/tools/compiler/ti-cgt-msp430_18.12.4.LTS/bin/cl430" -vmsp -Ooff --use_hw_mpy=16 --include_path="C:/TI/ccs930/ccs/ccs_base/msp430/include" --include_path="C:/TI/ccs930/ccs/ccs_base/msp430/include" --include_path="C:/TI/ccs930/ccs/tools/compiler/ti-cgt-msp430_18.12.4.LTS/include" --advice:power="all" --define=__MSP430F1611__ -g --printf_support=minimal --diag_warning=225 --diag_wrap=off --display_error_number --abi=eabi --preproc_with_compile --preproc_dependency="main.d_raw"  "../main.c"
Finished building: "../main.c"
 
Building target: "MSP430-leds.out"
Invoking: MSP430 Linker
"C:/TI/ccs930/ccs/tools/compiler/ti-cgt-msp430_18.12.4.LTS/bin/cl430" -vmsp -Ooff --use_hw_mpy=16 --advice:power="all" --define=__MSP430F1611__ -g --printf_support=minimal --diag_warning=225 --diag_wrap=off --display_error_number --abi=eabi -z -m"MSP430-leds.map" --heap_size=80 --stack_size=80 --cinit_hold_wdt=on -i"C:/TI/ccs930/ccs/ccs_base/msp430/include" -i"C:/TI/ccs930/ccs/ccs_base/msp430/include" -i"C:/TI/ccs930/ccs/tools/compiler/ti-cgt-msp430_18.12.4.LTS/lib" -i"C:/TI/ccs930/ccs/tools/compiler/ti-cgt-msp430_18.12.4.LTS/include" --reread_libs --diag_wrap=off --display_error_number --warn_sections --xml_link_info="MSP430-leds_linkInfo.xml" --use_hw_mpy=16 --rom_model -o "MSP430-leds.out" "./I2C.obj" "./keys.obj" "./leds.obj" "./main.obj" "./msp430_initialize_unused_interrrupt_vectors.obj" "./sysfunc.obj" "../lnk_msp430f1611.cmd"  -llibc.a 
<Linking>
remark #10371-D: (ULP 1.1) Detected no uses of low power mode state changing instructions
remark #10372-D: (ULP 4.1) Detected uninitialized Port 1 in this project. Recommend initializing all unused ports to eliminate wasted current consumption on unused pins.
remark #10372-D: (ULP 4.1) Detected uninitialized Port 2 in this project. Recommend initializing all unused ports to eliminate wasted current consumption on unused pins.
remark #10372-D: (ULP 4.1) Detected uninitialized Port 4 in this project. Recommend initializing all unused ports to eliminate wasted current consumption on unused pins.
remark #10372-D: (ULP 4.1) Detected uninitialized Port 5 in this project. Recommend initializing all unused ports to eliminate wasted current consumption on unused pins.
remark #10372-D: (ULP 4.1) Detected uninitialized Port 6 in this project. Recommend initializing all unused ports to eliminate wasted current consumption on unused pins.
Finished building target: "MSP430-leds.out"
 

**** Build Finished ****

**** Build of configuration Debug for project MSP430-leds ****

"C:\\TI\\ccs930\\ccs\\utils\\bin\\gmake" -k all 
 
gmake: Nothing to be done for 'all'.

**** Build Finished ****

**** Build of configuration Debug for project MSP430-leds ****

"C:\\TI\\ccs930\\ccs\\utils\\bin\\gmake" -k all 
 
Building file: "../main.c"
Invoking: MSP430 Compiler
"C:/TI/ccs930/ccs/tools/compiler/ti-cgt-msp430_18.12.4.LTS/bin/cl430" -vmsp -Ooff --use_hw_mpy=16 --include_path="C:/TI/ccs930/ccs/ccs_base/msp430/include" --include_path="C:/TI/ccs930/ccs/ccs_base/msp430/include" --include_path="C:/TI/ccs930/ccs/tools/compiler/ti-cgt-msp430_18.12.4.LTS/include" --advice:power="all" --define=__MSP430F1611__ -g --printf_support=minimal --diag_warning=225 --diag_wrap=off --display_error_number --abi=eabi --preproc_with_compile --preproc_dependency="main.d_raw"  "../main.c"
Finished building: "../main.c"
 
Building target: "MSP430-leds.out"
Invoking: MSP430 Linker
"C:/TI/ccs930/ccs/tools/compiler/ti-cgt-msp430_18.12.4.LTS/bin/cl430" -vmsp -Ooff --use_hw_mpy=16 --advice:power="all" --define=__MSP430F1611__ -g --printf_support=minimal --diag_warning=225 --diag_wrap=off --display_error_number --abi=eabi -z -m"MSP430-leds.map" --heap_size=80 --stack_size=80 --cinit_hold_wdt=on -i"C:/TI/ccs930/ccs/ccs_base/msp430/include" -i"C:/TI/ccs930/ccs/ccs_base/msp430/include" -i"C:/TI/ccs930/ccs/tools/compiler/ti-cgt-msp430_18.12.4.LTS/lib" -i"C:/TI/ccs930/ccs/tools/compiler/ti-cgt-msp430_18.12.4.LTS/include" --reread_libs --diag_wrap=off --display_error_number --warn_sections --xml_link_info="MSP430-leds_linkInfo.xml" --use_hw_mpy=16 --rom_model -o "MSP430-leds.out" "./I2C.obj" "./keys.obj" "./leds.obj" "./main.obj" "./msp430_initialize_unused_interrrupt_vectors.obj" "./sysfunc.obj" "../lnk_msp430f1611.cmd"  -llibc.a 
<Linking>
remark #10371-D: (ULP 1.1) Detected no uses of low power mode state changing instructions
remark #10372-D: (ULP 4.1) Detected uninitialized Port 1 in this project. Recommend initializing all unused ports to eliminate wasted current consumption on unused pins.
remark #10372-D: (ULP 4.1) Detected uninitialized Port 2 in this project. Recommend initializing all unused ports to eliminate wasted current consumption on unused pins.
remark #10372-D: (ULP 4.1) Detected uninitialized Port 4 in this project. Recommend initializing all unused ports to eliminate wasted current consumption on unused pins.
remark #10372-D: (ULP 4.1) Detected uninitialized Port 5 in this project. Recommend initializing all unused ports to eliminate wasted current consumption on unused pins.
remark #10372-D: (ULP 4.1) Detected uninitialized Port 6 in this project. Recommend initializing all unused ports to eliminate wasted current consumption on unused pins.
Finished building target: "MSP430-leds.out"
 

**** Build Finished ****

**** Build of configuration Debug for project MSP430-leds ****

"C:\\TI\\ccs930\\ccs\\utils\\bin\\gmake" -k all 
 
Building file: "../main.c"
Invoking: MSP430 Compiler
"C:/TI/ccs930/ccs/tools/compiler/ti-cgt-msp430_18.12.4.LTS/bin/cl430" -vmsp -Ooff --use_hw_mpy=16 --include_path="C:/TI/ccs930/ccs/ccs_base/msp430/include" --include_path="C:/TI/ccs930/ccs/ccs_base/msp430/include" --include_path="C:/TI/ccs930/ccs/tools/compiler/ti-cgt-msp430_18.12.4.LTS/include" --advice:power="all" --define=__MSP430F1611__ -g --printf_support=minimal --diag_warning=225 --diag_wrap=off --display_error_number --abi=eabi --preproc_with_compile --preproc_dependency="main.d_raw"  "../main.c"
Finished building: "../main.c"
 
Building target: "MSP430-leds.out"
Invoking: MSP430 Linker
"C:/TI/ccs930/ccs/tools/compiler/ti-cgt-msp430_18.12.4.LTS/bin/cl430" -vmsp -Ooff --use_hw_mpy=16 --advice:power="all" --define=__MSP430F1611__ -g --printf_support=minimal --diag_warning=225 --diag_wrap=off --display_error_number --abi=eabi -z -m"MSP430-leds.map" --heap_size=80 --stack_size=80 --cinit_hold_wdt=on -i"C:/TI/ccs930/ccs/ccs_base/msp430/include" -i"C:/TI/ccs930/ccs/ccs_base/msp430/include" -i"C:/TI/ccs930/ccs/tools/compiler/ti-cgt-msp430_18.12.4.LTS/lib" -i"C:/TI/ccs930/ccs/tools/compiler/ti-cgt-msp430_18.12.4.LTS/include" --reread_libs --diag_wrap=off --display_error_number --warn_sections --xml_link_info="MSP430-leds_linkInfo.xml" --use_hw_mpy=16 --rom_model -o "MSP430-leds.out" "./I2C.obj" "./keys.obj" "./leds.obj" "./main.obj" "./msp430_initialize_unused_interrrupt_vectors.obj" "./sysfunc.obj" "../lnk_msp430f1611.cmd"  -llibc.a 
<Linking>
remark #10371-D: (ULP 1.1) Detected no uses of low power mode state changing instructions
remark #10372-D: (ULP 4.1) Detected uninitialized Port 1 in this project. Recommend initializing all unused ports to eliminate wasted current consumption on unused pins.
remark #10372-D: (ULP 4.1) Detected uninitialized Port 2 in this project. Recommend initializing all unused ports to eliminate wasted current consumption on unused pins.
remark #10372-D: (ULP 4.1) Detected uninitialized Port 4 in this project. Recommend initializing all unused ports to eliminate wasted current consumption on unused pins.
remark #10372-D: (ULP 4.1) Detected uninitialized Port 5 in this project. Recommend initializing all unused ports to eliminate wasted current consumption on unused pins.
remark #10372-D: (ULP 4.1) Detected uninitialized Port 6 in this project. Recommend initializing all unused ports to eliminate wasted current consumption on unused pins.
Finished building target: "MSP430-leds.out"
 

**** Build Finished ****

**** Build of configuration Debug for project MSP430-leds ****

"C:\\TI\\ccs930\\ccs\\utils\\bin\\gmake" -k all 
 
gmake: Nothing to be done for 'all'.

**** Build Finished ****

**** Build of configuration Debug for project MSP430-leds ****

"C:\\TI\\ccs930\\ccs\\utils\\bin\\gmake" -k all 
 
Building file: "../main.c"
Invoking: MSP430 Compiler
"C:/TI/ccs930/ccs/tools/compiler/ti-cgt-msp430_18.12.4.LTS/bin/cl430" -vmsp -Ooff --use_hw_mpy=16 --include_path="C:/TI/ccs930/ccs/ccs_base/msp430/include" --include_path="C:/TI/ccs930/ccs/ccs_base/msp430/include" --include_path="C:/TI/ccs930/ccs/tools/compiler/ti-cgt-msp430_18.12.4.LTS/include" --advice:power="all" --define=__MSP430F1611__ -g --printf_support=minimal --diag_warning=225 --diag_wrap=off --display_error_number --abi=eabi --preproc_with_compile --preproc_dependency="main.d_raw"  "../main.c"
Finished building: "../main.c"
 
Building target: "MSP430-leds.out"
Invoking: MSP430 Linker
"C:/TI/ccs930/ccs/tools/compiler/ti-cgt-msp430_18.12.4.LTS/bin/cl430" -vmsp -Ooff --use_hw_mpy=16 --advice:power="all" --define=__MSP430F1611__ -g --printf_support=minimal --diag_warning=225 --diag_wrap=off --display_error_number --abi=eabi -z -m"MSP430-leds.map" --heap_size=80 --stack_size=80 --cinit_hold_wdt=on -i"C:/TI/ccs930/ccs/ccs_base/msp430/include" -i"C:/TI/ccs930/ccs/ccs_base/msp430/include" -i"C:/TI/ccs930/ccs/tools/compiler/ti-cgt-msp430_18.12.4.LTS/lib" -i"C:/TI/ccs930/ccs/tools/compiler/ti-cgt-msp430_18.12.4.LTS/include" --reread_libs --diag_wrap=off --display_error_number --warn_sections --xml_link_info="MSP430-leds_linkInfo.xml" --use_hw_mpy=16 --rom_model -o "MSP430-leds.out" "./I2C.obj" "./keys.obj" "./leds.obj" "./main.obj" "./msp430_initialize_unused_interrrupt_vectors.obj" "./sysfunc.obj" "../lnk_msp430f1611.cmd"  -llibc.a 
<Linking>
remark #10371-D: (ULP 1.1) Detected no uses of low power mode state changing instructions
remark #10372-D: (ULP 4.1) Detected uninitialized Port 1 in this project. Recommend initializing all unused ports to eliminate wasted current consumption on unused pins.
remark #10372-D: (ULP 4.1) Detected uninitialized Port 2 in this project. Recommend initializing all unused ports to eliminate wasted current consumption on unused pins.
remark #10372-D: (ULP 4.1) Detected uninitialized Port 4 in this project. Recommend initializing all unused ports to eliminate wasted current consumption on unused pins.
remark #10372-D: (ULP 4.1) Detected uninitialized Port 5 in this project. Recommend initializing all unused ports to eliminate wasted current consumption on unused pins.
remark #10372-D: (ULP 4.1) Detected uninitialized Port 6 in this project. Recommend initializing all unused ports to eliminate wasted current consumption on unused pins.
Finished building target: "MSP430-leds.out"
 

**** Build Finished ****

**** Build of configuration Debug for project MSP430-leds ****

"C:\\TI\\ccs930\\ccs\\utils\\bin\\gmake" -k all 
 
Building file: "../keys.c"
Invoking: MSP430 Compiler
"C:/TI/ccs930/ccs/tools/compiler/ti-cgt-msp430_18.12.4.LTS/bin/cl430" -vmsp -Ooff --use_hw_mpy=16 --include_path="C:/TI/ccs930/ccs/ccs_base/msp430/include" --include_path="C:/TI/ccs930/ccs/ccs_base/msp430/include" --include_path="C:/TI/ccs930/ccs/tools/compiler/ti-cgt-msp430_18.12.4.LTS/include" --advice:power="all" --define=__MSP430F1611__ -g --printf_support=minimal --diag_warning=225 --diag_wrap=off --display_error_number --abi=eabi --preproc_with_compile --preproc_dependency="keys.d_raw"  "../keys.c"
 
>> Compilation failure
subdir_rules.mk:9: recipe for target 'keys.obj' failed
"../keys.c", line 21: remark #1544-D: (ULP 13.1) Detected loop counting up. Recommend loops count down as detecting zeros is easier
"../keys.c", line 32: remark #1545-D: (ULP 14.1) Array index of type "int". Recommend using "unsigned int"
"../keys.c", line 69: remark #1544-D: (ULP 13.1) Detected loop counting up. Recommend loops count down as detecting zeros is easier
At end of source: error #66: expected a ";"
1 error detected in the compilation of "../keys.c".
gmake: *** [keys.obj] Error 1
Building file: "../main.c"
Invoking: MSP430 Compiler
"C:/TI/ccs930/ccs/tools/compiler/ti-cgt-msp430_18.12.4.LTS/bin/cl430" -vmsp -Ooff --use_hw_mpy=16 --include_path="C:/TI/ccs930/ccs/ccs_base/msp430/include" --include_path="C:/TI/ccs930/ccs/ccs_base/msp430/include" --include_path="C:/TI/ccs930/ccs/tools/compiler/ti-cgt-msp430_18.12.4.LTS/include" --advice:power="all" --define=__MSP430F1611__ -g --printf_support=minimal --diag_warning=225 --diag_wrap=off --display_error_number --abi=eabi --preproc_with_compile --preproc_dependency="main.d_raw"  "../main.c"
Finished building: "../main.c"
 
gmake: Target 'all' not remade because of errors.

**** Build Finished ****

**** Build of configuration Debug for project MSP430-leds ****

"C:\\TI\\ccs930\\ccs\\utils\\bin\\gmake" -k all 
 
Building file: "../keys.c"
Invoking: MSP430 Compiler
"C:/TI/ccs930/ccs/tools/compiler/ti-cgt-msp430_18.12.4.LTS/bin/cl430" -vmsp -Ooff --use_hw_mpy=16 --include_path="C:/TI/ccs930/ccs/ccs_base/msp430/include" --include_path="C:/TI/ccs930/ccs/ccs_base/msp430/include" --include_path="C:/TI/ccs930/ccs/tools/compiler/ti-cgt-msp430_18.12.4.LTS/include" --advice:power="all" --define=__MSP430F1611__ -g --printf_support=minimal --diag_warning=225 --diag_wrap=off --display_error_number --abi=eabi --preproc_with_compile --preproc_dependency="keys.d_raw"  "../keys.c"
"../keys.c", line 21: remark #1544-D: (ULP 13.1) Detected loop counting up. Recommend loops count down as detecting zeros is easier
"../keys.c", line 32: remark #1545-D: (ULP 14.1) Array index of type "int". Recommend using "unsigned int"
"../keys.c", line 69: remark #1544-D: (ULP 13.1) Detected loop counting up. Recommend loops count down as detecting zeros is easier
Finished building: "../keys.c"
 
Building target: "MSP430-leds.out"
Invoking: MSP430 Linker
"C:/TI/ccs930/ccs/tools/compiler/ti-cgt-msp430_18.12.4.LTS/bin/cl430" -vmsp -Ooff --use_hw_mpy=16 --advice:power="all" --define=__MSP430F1611__ -g --printf_support=minimal --diag_warning=225 --diag_wrap=off --display_error_number --abi=eabi -z -m"MSP430-leds.map" --heap_size=80 --stack_size=80 --cinit_hold_wdt=on -i"C:/TI/ccs930/ccs/ccs_base/msp430/include" -i"C:/TI/ccs930/ccs/ccs_base/msp430/include" -i"C:/TI/ccs930/ccs/tools/compiler/ti-cgt-msp430_18.12.4.LTS/lib" -i"C:/TI/ccs930/ccs/tools/compiler/ti-cgt-msp430_18.12.4.LTS/include" --reread_libs --diag_wrap=off --display_error_number --warn_sections --xml_link_info="MSP430-leds_linkInfo.xml" --use_hw_mpy=16 --rom_model -o "MSP430-leds.out" "./I2C.obj" "./keys.obj" "./leds.obj" "./main.obj" "./msp430_initialize_unused_interrrupt_vectors.obj" "./sysfunc.obj" "../lnk_msp430f1611.cmd"  -llibc.a 
<Linking>
remark #10371-D: (ULP 1.1) Detected no uses of low power mode state changing instructions
remark #10372-D: (ULP 4.1) Detected uninitialized Port 1 in this project. Recommend initializing all unused ports to eliminate wasted current consumption on unused pins.
remark #10372-D: (ULP 4.1) Detected uninitialized Port 2 in this project. Recommend initializing all unused ports to eliminate wasted current consumption on unused pins.
remark #10372-D: (ULP 4.1) Detected uninitialized Port 4 in this project. Recommend initializing all unused ports to eliminate wasted current consumption on unused pins.
remark #10372-D: (ULP 4.1) Detected uninitialized Port 5 in this project. Recommend initializing all unused ports to eliminate wasted current consumption on unused pins.
remark #10372-D: (ULP 4.1) Detected uninitialized Port 6 in this project. Recommend initializing all unused ports to eliminate wasted current consumption on unused pins.
Finished building target: "MSP430-leds.out"
 

**** Build Finished ****

**** Build of configuration Debug for project MSP430-leds ****

"C:\\TI\\ccs930\\ccs\\utils\\bin\\gmake" -k all 
 
Building file: "../keys.c"
Invoking: MSP430 Compiler
"C:/TI/ccs930/ccs/tools/compiler/ti-cgt-msp430_18.12.4.LTS/bin/cl430" -vmsp -Ooff --use_hw_mpy=16 --include_path="C:/TI/ccs930/ccs/ccs_base/msp430/include" --include_path="C:/TI/ccs930/ccs/ccs_base/msp430/include" --include_path="C:/TI/ccs930/ccs/tools/compiler/ti-cgt-msp430_18.12.4.LTS/include" --advice:power="all" --define=__MSP430F1611__ -g --printf_support=minimal --diag_warning=225 --diag_wrap=off --display_error_number --abi=eabi --preproc_with_compile --preproc_dependency="keys.d_raw"  "../keys.c"
"../keys.c", line 21: remark #1544-D: (ULP 13.1) Detected loop counting up. Recommend loops count down as detecting zeros is easier
"../keys.c", line 32: remark #1545-D: (ULP 14.1) Array index of type "int". Recommend using "unsigned int"
"../keys.c", line 69: remark #1544-D: (ULP 13.1) Detected loop counting up. Recommend loops count down as detecting zeros is easier
Finished building: "../keys.c"
 
Building file: "../main.c"
Invoking: MSP430 Compiler
"C:/TI/ccs930/ccs/tools/compiler/ti-cgt-msp430_18.12.4.LTS/bin/cl430" -vmsp -Ooff --use_hw_mpy=16 --include_path="C:/TI/ccs930/ccs/ccs_base/msp430/include" --include_path="C:/TI/ccs930/ccs/ccs_base/msp430/include" --include_path="C:/TI/ccs930/ccs/tools/compiler/ti-cgt-msp430_18.12.4.LTS/include" --advice:power="all" --define=__MSP430F1611__ -g --printf_support=minimal --diag_warning=225 --diag_wrap=off --display_error_number --abi=eabi --preproc_with_compile --preproc_dependency="main.d_raw"  "../main.c"
 
>> Compilation failure
subdir_rules.mk:9: recipe for target 'main.obj' failed
"../main.c", line 19: error #20: identifier "KEYS_i2c_addr" is undefined
"../main.c", line 16: warning #179-D: variable "KEYS_last" was declared but never referenced
"../main.c", line 20: remark #1527-D: (ULP 2.1) Detected SW delay loop using empty loop. Recommend using a timer module instead
"../main.c", line 17: remark #1535-D: (ULP 8.1) variable "f" is used as a constant. Recommend declaring variable as either 'static const' or 'const'
1 error detected in the compilation of "../main.c".
gmake: *** [main.obj] Error 1
gmake: Target 'all' not remade because of errors.

**** Build Finished ****

**** Build of configuration Debug for project MSP430-leds ****

"C:\\TI\\ccs930\\ccs\\utils\\bin\\gmake" -k all 
 
Building file: "../main.c"
Invoking: MSP430 Compiler
"C:/TI/ccs930/ccs/tools/compiler/ti-cgt-msp430_18.12.4.LTS/bin/cl430" -vmsp -Ooff --use_hw_mpy=16 --include_path="C:/TI/ccs930/ccs/ccs_base/msp430/include" --include_path="C:/TI/ccs930/ccs/ccs_base/msp430/include" --include_path="C:/TI/ccs930/ccs/tools/compiler/ti-cgt-msp430_18.12.4.LTS/include" --advice:power="all" --define=__MSP430F1611__ -g --printf_support=minimal --diag_warning=225 --diag_wrap=off --display_error_number --abi=eabi --preproc_with_compile --preproc_dependency="main.d_raw"  "../main.c"
 
>> Compilation failure
subdir_rules.mk:9: recipe for target 'main.obj' failed
"../main.c", line 18: error #20: identifier "KEYS_i2c_addr" is undefined
"../main.c", line 19: remark #1527-D: (ULP 2.1) Detected SW delay loop using empty loop. Recommend using a timer module instead
"../main.c", line 16: remark #1535-D: (ULP 8.1) variable "f" is used as a constant. Recommend declaring variable as either 'static const' or 'const'
1 error detected in the compilation of "../main.c".
gmake: *** [main.obj] Error 1
gmake: Target 'all' not remade because of errors.

**** Build Finished ****

**** Build of configuration Debug for project MSP430-leds ****

"C:\\TI\\ccs930\\ccs\\utils\\bin\\gmake" -k all 
 
Building file: "../keys.c"
Invoking: MSP430 Compiler
"C:/TI/ccs930/ccs/tools/compiler/ti-cgt-msp430_18.12.4.LTS/bin/cl430" -vmsp -Ooff --use_hw_mpy=16 --include_path="C:/TI/ccs930/ccs/ccs_base/msp430/include" --include_path="C:/TI/ccs930/ccs/ccs_base/msp430/include" --include_path="C:/TI/ccs930/ccs/tools/compiler/ti-cgt-msp430_18.12.4.LTS/include" --advice:power="all" --define=__MSP430F1611__ -g --printf_support=minimal --diag_warning=225 --diag_wrap=off --display_error_number --abi=eabi --preproc_with_compile --preproc_dependency="keys.d_raw"  "../keys.c"
"../keys.c", line 21: remark #1544-D: (ULP 13.1) Detected loop counting up. Recommend loops count down as detecting zeros is easier
"../keys.c", line 32: remark #1545-D: (ULP 14.1) Array index of type "int". Recommend using "unsigned int"
"../keys.c", line 69: remark #1544-D: (ULP 13.1) Detected loop counting up. Recommend loops count down as detecting zeros is easier
Finished building: "../keys.c"
 
Building file: "../main.c"
Invoking: MSP430 Compiler
"C:/TI/ccs930/ccs/tools/compiler/ti-cgt-msp430_18.12.4.LTS/bin/cl430" -vmsp -Ooff --use_hw_mpy=16 --include_path="C:/TI/ccs930/ccs/ccs_base/msp430/include" --include_path="C:/TI/ccs930/ccs/ccs_base/msp430/include" --include_path="C:/TI/ccs930/ccs/tools/compiler/ti-cgt-msp430_18.12.4.LTS/include" --advice:power="all" --define=__MSP430F1611__ -g --printf_support=minimal --diag_warning=225 --diag_wrap=off --display_error_number --abi=eabi --preproc_with_compile --preproc_dependency="main.d_raw"  "../main.c"
"../main.c", line 27: remark #1527-D: (ULP 2.1) Detected SW delay loop using empty loop. Recommend using a timer module instead
"../main.c", line 24: remark #1535-D: (ULP 8.1) variable "f" is used as a constant. Recommend declaring variable as either 'static const' or 'const'
Finished building: "../main.c"
 
Building target: "MSP430-leds.out"
Invoking: MSP430 Linker
"C:/TI/ccs930/ccs/tools/compiler/ti-cgt-msp430_18.12.4.LTS/bin/cl430" -vmsp -Ooff --use_hw_mpy=16 --advice:power="all" --define=__MSP430F1611__ -g --printf_support=minimal --diag_warning=225 --diag_wrap=off --display_error_number --abi=eabi -z -m"MSP430-leds.map" --heap_size=80 --stack_size=80 --cinit_hold_wdt=on -i"C:/TI/ccs930/ccs/ccs_base/msp430/include" -i"C:/TI/ccs930/ccs/ccs_base/msp430/include" -i"C:/TI/ccs930/ccs/tools/compiler/ti-cgt-msp430_18.12.4.LTS/lib" -i"C:/TI/ccs930/ccs/tools/compiler/ti-cgt-msp430_18.12.4.LTS/include" --reread_libs --diag_wrap=off --display_error_number --warn_sections --xml_link_info="MSP430-leds_linkInfo.xml" --use_hw_mpy=16 --rom_model -o "MSP430-leds.out" "./I2C.obj" "./keys.obj" "./leds.obj" "./main.obj" "./msp430_initialize_unused_interrrupt_vectors.obj" "./sysfunc.obj" "../lnk_msp430f1611.cmd"  -llibc.a 
<Linking>
remark #10371-D: (ULP 1.1) Detected no uses of low power mode state changing instructions
error #10056: symbol "__TI_int04" redefined: first defined in "./main.obj"; redefined in "./msp430_initialize_unused_interrrupt_vectors.obj"
remark #10372-D: (ULP 4.1) Detected uninitialized Port 1 in this project. Recommend initializing all unused ports to eliminate wasted current consumption on unused pins.
remark #10372-D: (ULP 4.1) Detected uninitialized Port 2 in this project. Recommend initializing all unused ports to eliminate wasted current consumption on unused pins.
remark #10372-D: (ULP 4.1) Detected uninitialized Port 4 in this project. Recommend initializing all unused ports to eliminate wasted current consumption on unused pins.
remark #10372-D: (ULP 4.1) Detected uninitialized Port 5 in this project. Recommend initializing all unused ports to eliminate wasted current consumption on unused pins.
remark #10372-D: (ULP 4.1) Detected uninitialized Port 6 in this project. Recommend initializing all unused ports to eliminate wasted current consumption on unused pins.
 
>> Compilation failure
makefile:145: recipe for target 'MSP430-leds.out' failed
error #10010: errors encountered during linking; "MSP430-leds.out" not built
gmake: *** [MSP430-leds.out] Error 1
gmake: Target 'all' not remade because of errors.

**** Build Finished ****

**** Build of configuration Debug for project MSP430-leds ****

"C:\\TI\\ccs930\\ccs\\utils\\bin\\gmake" -k all 
 
Building file: "../main.c"
Invoking: MSP430 Compiler
"C:/TI/ccs930/ccs/tools/compiler/ti-cgt-msp430_18.12.4.LTS/bin/cl430" -vmsp -Ooff --use_hw_mpy=16 --include_path="C:/TI/ccs930/ccs/ccs_base/msp430/include" --include_path="C:/TI/ccs930/ccs/ccs_base/msp430/include" --include_path="C:/TI/ccs930/ccs/tools/compiler/ti-cgt-msp430_18.12.4.LTS/include" --advice:power="all" --define=__MSP430F1611__ -g --printf_support=minimal --diag_warning=225 --diag_wrap=off --display_error_number --abi=eabi --preproc_with_compile --preproc_dependency="main.d_raw"  "../main.c"
"../main.c", line 14: remark #1538-D: (ULP 10.1) ISR KEYS_interrupt calls function I2C_WriteByte. Recommend moving function call away from ISR, or inlining the function, or using pragmas
"../main.c", line 15: remark #1538-D: (ULP 10.1) ISR KEYS_interrupt calls function I2C_WriteByte. Recommend moving function call away from ISR, or inlining the function, or using pragmas
"../main.c", line 20: remark #1538-D: (ULP 10.1) ISR KEYS_interrupt calls function KEYS_waitkey. Recommend moving function call away from ISR, or inlining the function, or using pragmas
"../main.c", line 23: remark #1538-D: (ULP 10.1) ISR KEYS_interrupt calls function LED_set. Recommend moving function call away from ISR, or inlining the function, or using pragmas
"../main.c", line 24: remark #1538-D: (ULP 10.1) ISR KEYS_interrupt calls function wait_1ms. Recommend moving function call away from ISR, or inlining the function, or using pragmas
"../main.c", line 25: remark #1538-D: (ULP 10.1) ISR KEYS_interrupt calls function LED_reset. Recommend moving function call away from ISR, or inlining the function, or using pragmas
"../main.c", line 28: remark #1538-D: (ULP 10.1) ISR KEYS_interrupt calls function LED_set. Recommend moving function call away from ISR, or inlining the function, or using pragmas
"../main.c", line 29: remark #1538-D: (ULP 10.1) ISR KEYS_interrupt calls function wait_1ms. Recommend moving function call away from ISR, or inlining the function, or using pragmas
"../main.c", line 30: remark #1538-D: (ULP 10.1) ISR KEYS_interrupt calls function LED_reset. Recommend moving function call away from ISR, or inlining the function, or using pragmas
"../main.c", line 33: remark #1538-D: (ULP 10.1) ISR KEYS_interrupt calls function LED_set. Recommend moving function call away from ISR, or inlining the function, or using pragmas
"../main.c", line 34: remark #1538-D: (ULP 10.1) ISR KEYS_interrupt calls function wait_1ms. Recommend moving function call away from ISR, or inlining the function, or using pragmas
"../main.c", line 35: remark #1538-D: (ULP 10.1) ISR KEYS_interrupt calls function LED_reset. Recommend moving function call away from ISR, or inlining the function, or using pragmas
"../main.c", line 55: remark #1527-D: (ULP 2.1) Detected SW delay loop using empty loop. Recommend using a timer module instead
"../main.c", line 52: remark #1535-D: (ULP 8.1) variable "f" is used as a constant. Recommend declaring variable as either 'static const' or 'const'
Finished building: "../main.c"
 
Building file: "../msp430_initialize_unused_interrrupt_vectors.c"
Invoking: MSP430 Compiler
"C:/TI/ccs930/ccs/tools/compiler/ti-cgt-msp430_18.12.4.LTS/bin/cl430" -vmsp -Ooff --use_hw_mpy=16 --include_path="C:/TI/ccs930/ccs/ccs_base/msp430/include" --include_path="C:/TI/ccs930/ccs/ccs_base/msp430/include" --include_path="C:/TI/ccs930/ccs/tools/compiler/ti-cgt-msp430_18.12.4.LTS/include" --advice:power="all" --define=__MSP430F1611__ -g --printf_support=minimal --diag_warning=225 --diag_wrap=off --display_error_number --abi=eabi --preproc_with_compile --preproc_dependency="msp430_initialize_unused_interrrupt_vectors.d_raw"  "../msp430_initialize_unused_interrrupt_vectors.c"
Finished building: "../msp430_initialize_unused_interrrupt_vectors.c"
 
Building target: "MSP430-leds.out"
Invoking: MSP430 Linker
"C:/TI/ccs930/ccs/tools/compiler/ti-cgt-msp430_18.12.4.LTS/bin/cl430" -vmsp -Ooff --use_hw_mpy=16 --advice:power="all" --define=__MSP430F1611__ -g --printf_support=minimal --diag_warning=225 --diag_wrap=off --display_error_number --abi=eabi -z -m"MSP430-leds.map" --heap_size=80 --stack_size=80 --cinit_hold_wdt=on -i"C:/TI/ccs930/ccs/ccs_base/msp430/include" -i"C:/TI/ccs930/ccs/ccs_base/msp430/include" -i"C:/TI/ccs930/ccs/tools/compiler/ti-cgt-msp430_18.12.4.LTS/lib" -i"C:/TI/ccs930/ccs/tools/compiler/ti-cgt-msp430_18.12.4.LTS/include" --reread_libs --diag_wrap=off --display_error_number --warn_sections --xml_link_info="MSP430-leds_linkInfo.xml" --use_hw_mpy=16 --rom_model -o "MSP430-leds.out" "./I2C.obj" "./keys.obj" "./leds.obj" "./main.obj" "./msp430_initialize_unused_interrrupt_vectors.obj" "./sysfunc.obj" "../lnk_msp430f1611.cmd"  -llibc.a 
<Linking>
remark #10371-D: (ULP 1.1) Detected no uses of low power mode state changing instructions
remark #10372-D: (ULP 4.1) Detected uninitialized Port 1 in this project. Recommend initializing all unused ports to eliminate wasted current consumption on unused pins.
remark #10372-D: (ULP 4.1) Detected uninitialized Port 2 in this project. Recommend initializing all unused ports to eliminate wasted current consumption on unused pins.
remark #10372-D: (ULP 4.1) Detected uninitialized Port 4 in this project. Recommend initializing all unused ports to eliminate wasted current consumption on unused pins.
remark #10372-D: (ULP 4.1) Detected uninitialized Port 5 in this project. Recommend initializing all unused ports to eliminate wasted current consumption on unused pins.
remark #10372-D: (ULP 4.1) Detected uninitialized Port 6 in this project. Recommend initializing all unused ports to eliminate wasted current consumption on unused pins.
Finished building target: "MSP430-leds.out"
 

**** Build Finished ****
